<?xml version="1.0" encoding="UTF-8"?>
<!-- Generated by org.testng.reporters.JUnitReportReporter -->
<testsuite hostname="DESKTOP-2K6STJJ" failures="0" tests="2" name="com.simplilearn.testng.redbus.XpathTest" time="52.229" errors="0" timestamp="2023-12-19T21:05:37 IST" skipped="0">
  <testcase classname="com.simplilearn.testng.redbus.XpathTest" name="xpathLinkTest1" time="23.759"/>
  <testcase classname="com.simplilearn.testng.redbus.XpathTest" name="xpathLinkTest2" time="28.470"/>
</testsuite> <!-- com.simplilearn.testng.redbus.XpathTest -->
