<?xml version="1.0" encoding="UTF-8"?>
<!-- Generated by org.testng.reporters.JUnitReportReporter -->
<testsuite hostname="DESKTOP-2K6STJJ" failures="0" tests="2" name="com.simplilearn.testng.redbus.CSSSelectorTest" time="61.495" errors="0" timestamp="2023-12-19T20:20:52 IST" skipped="0">
  <testcase classname="com.simplilearn.testng.redbus.CSSSelectorTest" name="tdLinkTest1" time="25.657"/>
  <testcase classname="com.simplilearn.testng.redbus.CSSSelectorTest" name="tdLinkTest2" time="35.838"/>
</testsuite> <!-- com.simplilearn.testng.redbus.CSSSelectorTest -->
