<?xml version="1.0" encoding="UTF-8"?>
<!-- Generated by org.testng.reporters.JUnitReportReporter -->
<testsuite hostname="DESKTOP-2K6STJJ" failures="0" tests="3" name="com.simplilearn.testng.redbus.HomePageTest" time="63.121" errors="0" timestamp="2023-12-19T20:07:32 IST" skipped="0">
  <testcase classname="com.simplilearn.testng.redbus.HomePageTest" name="testRedBusHomePageSourceUrl" time="22.478"/>
  <testcase classname="com.simplilearn.testng.redbus.HomePageTest" name="testRedBusHomePageTitle" time="19.078"/>
  <testcase classname="com.simplilearn.testng.redbus.HomePageTest" name="testRedBusHomePageTitle2" time="21.565"/>
</testsuite> <!-- com.simplilearn.testng.redbus.HomePageTest -->
